#
# There is insufficient memory for the Java Runtime Environment to continue.
# Native memory allocation (malloc) failed to allocate 908416 bytes for Chunk::new
# Possible reasons:
#   The system is out of physical RAM or swap space
#   In 32 bit mode, the process size limit was hit
# Possible solutions:
#   Reduce memory load on the system
#   Increase physical memory or swap space
#   Check if swap backing store is full
#   Use 64 bit Java on a 64 bit OS
#   Decrease Java heap size (-Xmx/-Xms)
#   Decrease number of Java threads
#   Decrease Java thread stack sizes (-Xss)
#   Set larger code cache with -XX:ReservedCodeCacheSize=
# This output file may be truncated or incomplete.
#
#  Out of Memory Error (allocation.cpp:323), pid=8496, tid=8164
#
# JRE version: Java(TM) SE Runtime Environment (7.0_71-b14) (build 1.7.0_71-b14)
# Java VM: Java HotSpot(TM) 64-Bit Server VM (24.71-b01 mixed mode windows-amd64 compressed oops)
# Failed to write core dump. Minidumps are not enabled by default on client versions of Windows
#

---------------  T H R E A D  ---------------

Current thread (0x00000000085e2000):  JavaThread "C2 CompilerThread1" daemon [_thread_in_native, id=8164, stack(0x0000000009c40000,0x0000000009d40000)]

Stack: [0x0000000009c40000,0x0000000009d40000]
[error occurred during error reporting (printing stack bounds), id 0xc0000005]


[error occurred during error reporting (printing native stack), id 0xc0000005]


Current CompileTask:
C2:  21229  605             com.android.dx.ssa.DeadCodeRemover::run (194 bytes)


---------------  P R O C E S S  ---------------

Java Threads: ( => current thread )
  0x00000000085e6000 JavaThread "Service Thread" daemon [_thread_blocked, id=4028, stack(0x0000000009d40000,0x0000000009e40000)]
=>0x00000000085e2000 JavaThread "C2 CompilerThread1" daemon [_thread_in_native, id=8164, stack(0x0000000009c40000,0x0000000009d40000)]
  0x00000000085d5000 JavaThread "C2 CompilerThread0" daemon [_thread_in_native, id=8916, stack(0x0000000009b40000,0x0000000009c40000)]
  0x00000000085d4000 JavaThread "Attach Listener" daemon [_thread_blocked, id=6260, stack(0x0000000009a40000,0x0000000009b40000)]
  0x00000000085d1000 JavaThread "Signal Dispatcher" daemon [_thread_blocked, id=8072, stack(0x0000000009940000,0x0000000009a40000)]
  0x000000000859f800 JavaThread "Finalizer" daemon [_thread_blocked, id=4824, stack(0x0000000009840000,0x0000000009940000)]
  0x0000000008598000 JavaThread "Reference Handler" daemon [_thread_blocked, id=6200, stack(0x0000000009740000,0x0000000009840000)]
  0x000000000253e000 JavaThread "main" [_thread_in_Java, id=2744, stack(0x0000000002540000,0x0000000002640000)]

Other Threads:
  0x0000000008592000 VMThread [stack: 0x0000000009640000,0x0000000009740000] [id=6560]
  0x00000000085f5000 WatcherThread [stack: 0x0000000009e40000,0x0000000009f40000] [id=7348]

VM state:not at safepoint (normal execution)

VM Mutex/Monitor currently owned by a thread: None

Heap
 PSYoungGen      total 271360K, used 111126K [0x00000000eaa80000, 0x0000000100000000, 0x0000000100000000)
  eden space 195584K, 18% used [0x00000000eaa80000,0x00000000ecd09250,0x00000000f6980000)
  from space 75776K, 99% used [0x00000000f6980000,0x00000000fb37c7d8,0x00000000fb380000)
  to   space 78336K, 0% used [0x00000000fb380000,0x00000000fb380000,0x0000000100000000)
 ParOldGen       total 152576K, used 85908K [0x00000000c0000000, 0x00000000c9500000, 0x00000000eaa80000)
  object space 152576K, 56% used [0x00000000c0000000,0x00000000c53e50f0,0x00000000c9500000)
 PSPermGen       total 21504K, used 5473K [0x00000000bae00000, 0x00000000bc300000, 0x00000000c0000000)
  object space 21504K, 25% used [0x00000000bae00000,0x00000000bb358500,0x00000000bc300000)

Card table byte_map: [0x0000000005800000,0x0000000005a30000] byte_map_base: 0x0000000005229000

Polling page: 0x0000000000b00000

Code Cache  [0x0000000002740000, 0x00000000029b0000, 0x0000000005740000)
 total_blobs=805 nmethods=572 adapters=185 free_code_cache=47085Kb largest_free_block=48141888

Compilation events (10 events):
Event: 21.144 Thread 0x00000000085e2000 nmethod 583% 0x000000000294bb90 code [0x000000000294c000, 0x000000000294f450]
Event: 21.145 Thread 0x00000000085e2000  602             com.android.dx.ssa.Optimizer::getPreserveLocals (4 bytes)
Event: 21.145 Thread 0x00000000085e2000 nmethod 602 0x000000000281a110 code [0x000000000281a240, 0x000000000281a298]
Event: 21.145 Thread 0x00000000085e2000  603             java.util.ArrayList::fastRemove (57 bytes)
Event: 21.147 Thread 0x00000000085e2000 nmethod 603 0x00000000027cf2d0 code [0x00000000027cf420, 0x00000000027cf558]
Event: 21.147 Thread 0x00000000085e2000  604             com.android.dx.ssa.SsaMethod::removeFromUseList (57 bytes)
Event: 21.158 Thread 0x00000000085e2000 nmethod 604 0x0000000002940110 code [0x0000000002940260, 0x00000000029406d8]
Event: 21.158 Thread 0x00000000085e2000  605             com.android.dx.ssa.DeadCodeRemover::run (194 bytes)
Event: 21.184 Thread 0x00000000085d5000 nmethod 601 0x00000000029535d0 code [0x0000000002953800, 0x0000000002954920]
Event: 21.185 Thread 0x00000000085d5000  606 %           com.android.dx.ssa.ConstCollector::getConstsSortedByCountUse @ 27 (386 bytes)

GC Heap History (10 events):
Event: 13.767 GC heap before
{Heap before GC invocations=13 (full 3):
 PSYoungGen      total 207872K, used 204373K [0x00000000eaa80000, 0x00000000ff200000, 0x0000000100000000)
  eden space 146944K, 100% used [0x00000000eaa80000,0x00000000f3a00000,0x00000000f3a00000)
  from space 60928K, 94% used [0x00000000f3a00000,0x00000000f7215518,0x00000000f7580000)
  to   space 69632K, 0% used [0x00000000fae00000,0x00000000fae00000,0x00000000ff200000)
 ParOldGen       total 123904K, used 54452K [0x00000000c0000000, 0x00000000c7900000, 0x00000000eaa80000)
  object space 123904K, 43% used [0x00000000c0000000,0x00000000c352d398,0x00000000c7900000)
 PSPermGen       total 21504K, used 5406K [0x00000000bae00000, 0x00000000bc300000, 0x00000000c0000000)
  object space 21504K, 25% used [0x00000000bae00000,0x00000000bb347aa0,0x00000000bc300000)
Event: 14.202 GC heap after
Heap after GC invocations=13 (full 3):
 PSYoungGen      total 259584K, used 56961K [0x00000000eaa80000, 0x0000000100000000, 0x0000000100000000)
  eden space 189952K, 0% used [0x00000000eaa80000,0x00000000eaa80000,0x00000000f6400000)
  from space 69632K, 81% used [0x00000000fae00000,0x00000000fe5a0668,0x00000000ff200000)
  to   space 75776K, 0% used [0x00000000f6400000,0x00000000f6400000,0x00000000fae00000)
 ParOldGen       total 123904K, used 66982K [0x00000000c0000000, 0x00000000c7900000, 0x00000000eaa80000)
  object space 123904K, 54% used [0x00000000c0000000,0x00000000c41699c0,0x00000000c7900000)
 PSPermGen       total 21504K, used 5406K [0x00000000bae00000, 0x00000000bc300000, 0x00000000c0000000)
  object space 21504K, 25% used [0x00000000bae00000,0x00000000bb347aa0,0x00000000bc300000)
}
Event: 16.328 GC heap before
{Heap before GC invocations=14 (full 3):
 PSYoungGen      total 259584K, used 246913K [0x00000000eaa80000, 0x0000000100000000, 0x0000000100000000)
  eden space 189952K, 100% used [0x00000000eaa80000,0x00000000f6400000,0x00000000f6400000)
  from space 69632K, 81% used [0x00000000fae00000,0x00000000fe5a0668,0x00000000ff200000)
  to   space 75776K, 0% used [0x00000000f6400000,0x00000000f6400000,0x00000000fae00000)
 ParOldGen       total 123904K, used 66982K [0x00000000c0000000, 0x00000000c7900000, 0x00000000eaa80000)
  object space 123904K, 54% used [0x00000000c0000000,0x00000000c41699c0,0x00000000c7900000)
 PSPermGen       total 21504K, used 5409K [0x00000000bae00000, 0x00000000bc300000, 0x00000000c0000000)
  object space 21504K, 25% used [0x00000000bae00000,0x00000000bb348410,0x00000000bc300000)
Event: 16.502 GC heap after
Heap after GC invocations=14 (full 3):
 PSYoungGen      total 265728K, used 50659K [0x00000000eaa80000, 0x0000000100000000, 0x0000000100000000)
  eden space 189952K, 0% used [0x00000000eaa80000,0x00000000eaa80000,0x00000000f6400000)
  from space 75776K, 66% used [0x00000000f6400000,0x00000000f9578ed8,0x00000000fae00000)
  to   space 78336K, 0% used [0x00000000fb380000,0x00000000fb380000,0x0000000100000000)
 ParOldGen       total 123904K, used 81686K [0x00000000c0000000, 0x00000000c7900000, 0x00000000eaa80000)
  object space 123904K, 65% used [0x00000000c0000000,0x00000000c4fc5b90,0x00000000c7900000)
 PSPermGen       total 21504K, used 5409K [0x00000000bae00000, 0x00000000bc300000, 0x00000000c0000000)
  object space 21504K, 25% used [0x00000000bae00000,0x00000000bb348410,0x00000000bc300000)
}
Event: 18.194 GC heap before
{Heap before GC invocations=15 (full 3):
 PSYoungGen      total 265728K, used 240611K [0x00000000eaa80000, 0x0000000100000000, 0x0000000100000000)
  eden space 189952K, 100% used [0x00000000eaa80000,0x00000000f6400000,0x00000000f6400000)
  from space 75776K, 66% used [0x00000000f6400000,0x00000000f9578ed8,0x00000000fae00000)
  to   space 78336K, 0% used [0x00000000fb380000,0x00000000fb380000,0x0000000100000000)
 ParOldGen       total 123904K, used 81686K [0x00000000c0000000, 0x00000000c7900000, 0x00000000eaa80000)
  object space 123904K, 65% used [0x00000000c0000000,0x00000000c4fc5b90,0x00000000c7900000)
 PSPermGen       total 21504K, used 5412K [0x00000000bae00000, 0x00000000bc300000, 0x00000000c0000000)
  object space 21504K, 25% used [0x00000000bae00000,0x00000000bb3490b8,0x00000000bc300000)
Event: 18.258 GC heap after
Heap after GC invocations=15 (full 3):
 PSYoungGen      total 271360K, used 24484K [0x00000000eaa80000, 0x00000000ffd80000, 0x0000000100000000)
  eden space 195584K, 0% used [0x00000000eaa80000,0x00000000eaa80000,0x00000000f6980000)
  from space 75776K, 32% used [0x00000000fb380000,0x00000000fcb692d8,0x00000000ffd80000)
  to   space 75776K, 0% used [0x00000000f6980000,0x00000000f6980000,0x00000000fb380000)
 ParOldGen       total 123904K, used 96320K [0x00000000c0000000, 0x00000000c7900000, 0x00000000eaa80000)
  object space 123904K, 77% used [0x00000000c0000000,0x00000000c5e10370,0x00000000c7900000)
 PSPermGen       total 21504K, used 5412K [0x00000000bae00000, 0x00000000bc300000, 0x00000000c0000000)
  object space 21504K, 25% used [0x00000000bae00000,0x00000000bb3490b8,0x00000000bc300000)
}
Event: 18.258 GC heap before
{Heap before GC invocations=16 (full 4):
 PSYoungGen      total 271360K, used 24484K [0x00000000eaa80000, 0x00000000ffd80000, 0x0000000100000000)
  eden space 195584K, 0% used [0x00000000eaa80000,0x00000000eaa80000,0x00000000f6980000)
  from space 75776K, 32% used [0x00000000fb380000,0x00000000fcb692d8,0x00000000ffd80000)
  to   space 75776K, 0% used [0x00000000f6980000,0x00000000f6980000,0x00000000fb380000)
 ParOldGen       total 123904K, used 96320K [0x00000000c0000000, 0x00000000c7900000, 0x00000000eaa80000)
  object space 123904K, 77% used [0x00000000c0000000,0x00000000c5e10370,0x00000000c7900000)
 PSPermGen       total 21504K, used 5412K [0x00000000bae00000, 0x00000000bc300000, 0x00000000c0000000)
  object space 21504K, 25% used [0x00000000bae00000,0x00000000bb3490b8,0x00000000bc300000)
Event: 19.188 GC heap after
Heap after GC invocations=16 (full 4):
 PSYoungGen      total 271360K, used 0K [0x00000000eaa80000, 0x00000000ffd80000, 0x0000000100000000)
  eden space 195584K, 0% used [0x00000000eaa80000,0x00000000eaa80000,0x00000000f6980000)
  from space 75776K, 0% used [0x00000000fb380000,0x00000000fb380000,0x00000000ffd80000)
  to   space 75776K, 0% used [0x00000000f6980000,0x00000000f6980000,0x00000000fb380000)
 ParOldGen       total 152576K, used 80059K [0x00000000c0000000, 0x00000000c9500000, 0x00000000eaa80000)
  object space 152576K, 52% used [0x00000000c0000000,0x00000000c4e2efd0,0x00000000c9500000)
 PSPermGen       total 21504K, used 5411K [0x00000000bae00000, 0x00000000bc300000, 0x00000000c0000000)
  object space 21504K, 25% used [0x00000000bae00000,0x00000000bb348ff8,0x00000000bc300000)
}
Event: 20.227 GC heap before
{Heap before GC invocations=17 (full 4):
 PSYoungGen      total 271360K, used 195584K [0x00000000eaa80000, 0x00000000ffd80000, 0x0000000100000000)
  eden space 195584K, 100% used [0x00000000eaa80000,0x00000000f6980000,0x00000000f6980000)
  from space 75776K, 0% used [0x00000000fb380000,0x00000000fb380000,0x00000000ffd80000)
  to   space 75776K, 0% used [0x00000000f6980000,0x00000000f6980000,0x00000000fb380000)
 ParOldGen       total 152576K, used 80059K [0x00000000c0000000, 0x00000000c9500000, 0x00000000eaa80000)
  object space 152576K, 52% used [0x00000000c0000000,0x00000000c4e2efd0,0x00000000c9500000)
 PSPermGen       total 21504K, used 5412K [0x00000000bae00000, 0x00000000bc300000, 0x00000000c0000000)
  object space 21504K, 25% used [0x00000000bae00000,0x00000000bb3491d8,0x00000000bc300000)
Event: 20.282 GC heap after
Heap after GC invocations=17 (full 4):
 PSYoungGen      total 271360K, used 75761K [0x00000000eaa80000, 0x0000000100000000, 0x0000000100000000)
  eden space 195584K, 0% used [0x00000000eaa80000,0x00000000eaa80000,0x00000000f6980000)
  from space 75776K, 99% used [0x00000000f6980000,0x00000000fb37c7d8,0x00000000fb380000)
  to   space 78336K, 0% used [0x00000000fb380000,0x00000000fb380000,0x0000000100000000)
 ParOldGen       total 152576K, used 85908K [0x00000000c0000000, 0x00000000c9500000, 0x00000000eaa80000)
  object space 152576K, 56% used [0x00000000c0000000,0x00000000c53e50f0,0x00000000c9500000)
 PSPermGen       total 21504K, used 5412K [0x00000000bae00000, 0x00000000bc300000, 0x00000000c0000000)
  object space 21504K, 25% used [0x00000000bae00000,0x00000000bb3491d8,0x00000000bc300000)
}

Deoptimization events (10 events):
Event: 20.924 Thread 0x000000000253e000 Uncommon trap: reason=class_check action=maybe_recompile pc=0x00000000028ffeb0 method=com.android.dx.ssa.ConstCollector.getConstsSortedByCountUse()Ljava/util/ArrayList; @ 168
Event: 20.972 Thread 0x000000000253e000 Uncommon trap: reason=bimorphic action=maybe_recompile pc=0x00000000028eddf8 method=com.android.dx.rop.code.RegisterSpec.getType()Lcom/android/dx/rop/type/Type; @ 4
Event: 20.978 Thread 0x000000000253e000 Uncommon trap: reason=unloaded action=reinterpret pc=0x000000000290c158 method=com.android.dx.cf.cst.ConstantPoolParser.parse0(ILjava/util/BitSet;)Lcom/android/dx/rop/cst/Constant; @ 198
Event: 21.013 Thread 0x000000000253e000 Uncommon trap: reason=class_check action=maybe_recompile pc=0x0000000002919928 method=com.android.dx.ssa.ConstCollector.updateConstUses(Ljava/util/HashMap;I)V @ 200
Event: 21.013 Thread 0x000000000253e000 Uncommon trap: reason=class_check action=maybe_recompile pc=0x00000000029276cc method=com.android.dx.ssa.PhiTypeResolver.run()V @ 151
Event: 21.035 Thread 0x000000000253e000 Uncommon trap: reason=class_check action=maybe_recompile pc=0x0000000002919928 method=com.android.dx.ssa.ConstCollector.updateConstUses(Ljava/util/HashMap;I)V @ 200
Event: 21.035 Thread 0x000000000253e000 Uncommon trap: reason=class_check action=maybe_recompile pc=0x00000000029276cc method=com.android.dx.ssa.PhiTypeResolver.run()V @ 151
Event: 21.076 Thread 0x000000000253e000 Uncommon trap: reason=class_check action=maybe_recompile pc=0x00000000029276cc method=com.android.dx.ssa.PhiTypeResolver.run()V @ 151
Event: 21.114 Thread 0x000000000253e000 Uncommon trap: reason=class_check action=maybe_recompile pc=0x00000000029276cc method=com.android.dx.ssa.PhiTypeResolver.run()V @ 151
Event: 21.123 Thread 0x000000000253e000 Uncommon trap: reason=unreached action=reinterpret pc=0x00000000027cda7c method=com.android.dx.cf.code.Ropper.addExceptionSetupBlocks()V @ 21

Internal exceptions (7 events):
Event: 0.052 Thread 0x000000000253e000 Threw 0x00000000eaa8af98 at C:\re\jdk7u71\1605\hotspot\src\share\vm\prims\jni.cpp:3991
Event: 7.150 Thread 0x000000000253e000 Implicit null exception at 0x00000000028400a4 to 0x0000000002840e91
Event: 7.280 Thread 0x000000000253e000 Implicit null exception at 0x0000000002839eba to 0x000000000283a349
Event: 8.727 Thread 0x000000000253e000 Implicit null exception at 0x000000000281e6a9 to 0x000000000281e6e1
Event: 20.365 Thread 0x000000000253e000 Implicit null exception at 0x0000000002892130 to 0x0000000002892bcd
Event: 20.378 Thread 0x000000000253e000 Implicit null exception at 0x000000000284caa0 to 0x000000000284cad1
Event: 20.418 Thread 0x000000000253e000 Implicit null exception at 0x0000000002857b8e to 0x0000000002857be5

Events (10 events):
Event: 21.035 Thread 0x000000000253e000 DEOPT UNPACKING pc=0x00000000027775a4 sp=0x000000000263e768 mode 2
Event: 21.076 Thread 0x000000000253e000 Uncommon trap: trap_request=0xffffffde fr.pc=0x00000000029276cc
Event: 21.076 Thread 0x000000000253e000 DEOPT PACKING pc=0x00000000029276cc sp=0x000000000263e7e0
Event: 21.076 Thread 0x000000000253e000 DEOPT UNPACKING pc=0x00000000027775a4 sp=0x000000000263e768 mode 2
Event: 21.114 Thread 0x000000000253e000 Uncommon trap: trap_request=0xffffffde fr.pc=0x00000000029276cc
Event: 21.114 Thread 0x000000000253e000 DEOPT PACKING pc=0x00000000029276cc sp=0x000000000263e7e0
Event: 21.114 Thread 0x000000000253e000 DEOPT UNPACKING pc=0x00000000027775a4 sp=0x000000000263e768 mode 2
Event: 21.123 Thread 0x000000000253e000 Uncommon trap: trap_request=0xffffffad fr.pc=0x00000000027cda7c
Event: 21.123 Thread 0x000000000253e000 DEOPT PACKING pc=0x00000000027cda7c sp=0x000000000263e8e0
Event: 21.123 Thread 0x000000000253e000 DEOPT UNPACKING pc=0x00000000027775a4 sp=0x000000000263e860 mode 2


Dynamic libraries:
0x00007ff7d7e30000 - 0x00007ff7d7e63000 	C:\PROGRA~1\Java\JDK17~1.0_7\bin\java.exe
0x00007ffdd03e0000 - 0x00007ffdd0586000 	C:\WINDOWS\SYSTEM32\ntdll.dll
0x00007ffdd00d0000 - 0x00007ffdd020a000 	C:\WINDOWS\system32\KERNEL32.DLL
0x00007ffdcd970000 - 0x00007ffdcda7f000 	C:\WINDOWS\system32\KERNELBASE.dll
0x00007ffdcc370000 - 0x00007ffdcc3f8000 	C:\WINDOWS\system32\apphelp.dll
0x00007ffdb8ef0000 - 0x00007ffdb8f3f000 	C:\WINDOWS\AppPatch\AppPatch64\AcGenral.DLL
0x00007ffdce720000 - 0x00007ffdce7c7000 	C:\WINDOWS\system32\msvcrt.dll
0x00007ffdcd590000 - 0x00007ffdcd5bb000 	C:\WINDOWS\SYSTEM32\SspiCli.dll
0x00007ffdce020000 - 0x00007ffdce071000 	C:\WINDOWS\system32\SHLWAPI.dll
0x00007ffdce180000 - 0x00007ffdce2f1000 	C:\WINDOWS\system32\USER32.dll
0x00007ffdce5a0000 - 0x00007ffdce718000 	C:\WINDOWS\system32\ole32.dll
0x00007ffdce950000 - 0x00007ffdcfd5f000 	C:\WINDOWS\system32\SHELL32.dll
0x00007ffdccf30000 - 0x00007ffdccf4e000 	C:\WINDOWS\SYSTEM32\USERENV.dll
0x00007ffdce7d0000 - 0x00007ffdce875000 	C:\WINDOWS\system32\ADVAPI32.dll
0x00007ffdc4e80000 - 0x00007ffdc4e9b000 	C:\WINDOWS\SYSTEM32\MPR.dll
0x00007ffdce460000 - 0x00007ffdce597000 	C:\WINDOWS\system32\RPCRT4.dll
0x00007ffdd0250000 - 0x00007ffdd02a7000 	C:\WINDOWS\SYSTEM32\sechost.dll
0x00007ffdcde40000 - 0x00007ffdce016000 	C:\WINDOWS\SYSTEM32\combase.dll
0x00007ffdcfd60000 - 0x00007ffdcfea4000 	C:\WINDOWS\system32\GDI32.dll
0x00007ffdcd750000 - 0x00007ffdcd764000 	C:\WINDOWS\SYSTEM32\profapi.dll
0x00007ffdcbda0000 - 0x00007ffdcbe3f000 	C:\WINDOWS\SYSTEM32\SHCORE.dll
0x00007ffdd0210000 - 0x00007ffdd0244000 	C:\WINDOWS\system32\IMM32.DLL
0x00007ffdce320000 - 0x00007ffdce459000 	C:\WINDOWS\system32\MSCTF.dll
0x00007ffdcb310000 - 0x00007ffdcb56a000 	C:\WINDOWS\WinSxS\amd64_microsoft.windows.common-controls_6595b64144ccf1df_6.0.9600.17031_none_6242a4b3ecbb55a1\COMCTL32.dll
0x0000000077ea0000 - 0x0000000077f72000 	C:\PROGRA~1\Java\JDK17~1.0_7\jre\bin\msvcr100.dll
0x00000000773d0000 - 0x0000000077ba3000 	C:\PROGRA~1\Java\JDK17~1.0_7\jre\bin\server\jvm.dll
0x00007ffdc6300000 - 0x00007ffdc6309000 	C:\WINDOWS\SYSTEM32\WSOCK32.dll
0x00007ffdc62e0000 - 0x00007ffdc62ff000 	C:\WINDOWS\SYSTEM32\WINMM.dll
0x00007ffdd0320000 - 0x00007ffdd0327000 	C:\WINDOWS\system32\PSAPI.DLL
0x00007ffdce080000 - 0x00007ffdce0d8000 	C:\WINDOWS\system32\WS2_32.dll
0x00007ffdc62b0000 - 0x00007ffdc62da000 	C:\WINDOWS\SYSTEM32\WINMMBASE.dll
0x00007ffdd00c0000 - 0x00007ffdd00c9000 	C:\WINDOWS\system32\NSI.dll
0x00007ffdcd820000 - 0x00007ffdcd86a000 	C:\WINDOWS\SYSTEM32\cfgmgr32.dll
0x00007ffdcc5d0000 - 0x00007ffdcc5f6000 	C:\WINDOWS\SYSTEM32\DEVOBJ.dll
0x0000000050130000 - 0x000000005013f000 	C:\PROGRA~1\Java\JDK17~1.0_7\jre\bin\verify.dll
0x0000000050100000 - 0x0000000050128000 	C:\PROGRA~1\Java\JDK17~1.0_7\jre\bin\java.dll
0x00000000500e0000 - 0x00000000500f5000 	C:\PROGRA~1\Java\JDK17~1.0_7\jre\bin\zip.dll
0x00000000500c0000 - 0x00000000500d9000 	C:\Program Files\Java\jdk1.7.0_71\jre\bin\net.dll
0x00007ffdccf50000 - 0x00007ffdccfa8000 	C:\WINDOWS\system32\mswsock.dll
0x00000000500a0000 - 0x00000000500b1000 	C:\Program Files\Java\jdk1.7.0_71\jre\bin\nio.dll

VM Arguments:
jvm_args: -Xmx1024M -Xss1m -Djava.ext.dirs=C:\Users\Argonauta\AppData\Local\Android\android-studio\sdk\build-tools\21.0.1\lib 
java_command: C:\Users\Argonauta\AppData\Local\Android\android-studio\sdk\build-tools\21.0.1\lib\dx.jar --dex --output C:\testeSVN\eiGoverno\Implementação\eiGoverno\app\build\intermediates\pre-dexed\debug\classes-58f741d8f5b14cdf99d7a22d1a2255d0a380b096.jar C:\testeSVN\eiGoverno\Implementação\eiGoverno\app\build\intermediates\exploded-aar\com.google.android.gms\play-services\6.1.11\classes.jar
Launcher Type: SUN_STANDARD

Environment Variables:
JAVA_HOME=C:\Program Files\Java\jdk1.7.0_71
CLASSPATH=.;
PATH=C:\Program Files (x86)\Intel\iCLS Client\;C:\Program Files\Intel\iCLS Client\;C:\WINDOWS\system32;C:\WINDOWS;C:\WINDOWS\System32\Wbem;C:\WINDOWS\System32\WindowsPowerShell\v1.0\;C:\Program Files\Intel\Intel(R) Management Engine Components\DAL;C:\Program Files\Intel\Intel(R) Management Engine Components\IPT;C:\Program Files (x86)\Intel\Intel(R) Management Engine Components\DAL;C:\Program Files (x86)\Intel\Intel(R) Management Engine Components\IPT;C:\Program Files (x86)\Intel\OpenCL SDK\2.0\bin\x86;C:\Program Files (x86)\Intel\OpenCL SDK\2.0\bin\x64;C:\Program Files\Internet Explorer;C:\Program Files\Java\jdk\bin;C:\Program Files\Samsung\AllShare Framework DMS\1.3.06\;C:\Program Files\Samsung\AllShare Framework DMS\1.3.06\64bit\;C:\Program Files\Microsoft SQL Server\110\Tools\Binn\;C:\Program Files (x86)\Intel\OpenCL SDK\2.0\bin\x86;C:\Program Files (x86)\Intel\OpenCL SDK\2.0\bin\x64;C:\Program Files\TortoiseSVN\bin;C:\Program Files (x86)\Windows Kits\8.1\Windows Performance Toolkit\;C:\Program Files (x86)\Microsoft SDKs\TypeScript\1.0\;C:\Program Files (x86)\Microsoft SQL Server\Client SDK\ODBC\110\Tools\Binn\;C:\Program Files (x86)\Microsoft SQL Server\120\Tools\Binn\;C:\Program Files (x86)\Microsoft SQL Server\120\DTS\Binn\;C:\Program Files\Microsoft SQL Server\Client SDK\ODBC\110\Tools\Binn\;C:\Program Files (x86)\Microsoft SQL Server\120\Tools\Binn\ManagementStudio\;C:\Program Files\Microsoft SQL Server\120\Tools\Binn\;C:\Program Files\Microsoft SQL Server\120\DTS\Binn\;C:\Program Files (x86)\Git\cmd;C:\Program Files (x86)\Git\bin;C:\grails\bin
USERNAME=Argonauta
OS=Windows_NT
PROCESSOR_IDENTIFIER=Intel64 Family 6 Model 58 Stepping 9, GenuineIntel



---------------  S Y S T E M  ---------------

OS: Windows 8.1 , 64 bit Build 9600 

CPU:total 4 (2 cores per cpu, 2 threads per core) family 6 model 58 stepping 9, cmov, cx8, fxsr, mmx, sse, sse2, sse3, ssse3, sse4.1, sse4.2, popcnt, avx, aes, erms, ht, tsc, tscinvbit, tscinv

Memory: 4k page, physical 4070680k(237668k free), swap 7216408k(4904k free)

vm_info: Java HotSpot(TM) 64-Bit Server VM (24.71-b01) for windows-amd64 JRE (1.7.0_71-b14), built on Sep 26 2014 16:16:12 by "java_re" with unknown MS VC++:1600

time: Thu Nov 13 21:01:00 2014
elapsed time: 21 seconds

