#
# There is insufficient memory for the Java Runtime Environment to continue.
# Native memory allocation (malloc) failed to allocate 299008 bytes for card table expansion
# Possible reasons:
#   The system is out of physical RAM or swap space
#   In 32 bit mode, the process size limit was hit
# Possible solutions:
#   Reduce memory load on the system
#   Increase physical memory or swap space
#   Check if swap backing store is full
#   Use 64 bit Java on a 64 bit OS
#   Decrease Java heap size (-Xmx/-Xms)
#   Decrease number of Java threads
#   Decrease Java thread stack sizes (-Xss)
#   Set larger code cache with -XX:ReservedCodeCacheSize=
# This output file may be truncated or incomplete.
#
#  Out of Memory Error (os_windows.cpp:3222), pid=7492, tid=6304
#
# JRE version: Java(TM) SE Runtime Environment (7.0_71-b14) (build 1.7.0_71-b14)
# Java VM: Java HotSpot(TM) 64-Bit Server VM (24.71-b01 mixed mode windows-amd64 compressed oops)
# Failed to write core dump. Minidumps are not enabled by default on client versions of Windows
#

---------------  T H R E A D  ---------------

Current thread (0x0000000007dc2000):  VMThread [stack: 0x0000000008e70000,0x0000000008f70000] [id=6304]

Stack: [0x0000000008e70000,0x0000000008f70000]
[error occurred during error reporting (printing stack bounds), id 0xc0000005]


[error occurred during error reporting (printing native stack), id 0xc0000005]

VM_Operation (0x0000000001dbecd0): ParallelGCFailedAllocation, mode: safepoint, requested by thread 0x0000000001e6e000


---------------  P R O C E S S  ---------------

Java Threads: ( => current thread )
  0x0000000007e16800 JavaThread "Service Thread" daemon [_thread_blocked, id=5852, stack(0x0000000009570000,0x0000000009670000)]
  0x0000000007e12000 JavaThread "C2 CompilerThread1" daemon [_thread_blocked, id=8352, stack(0x0000000009470000,0x0000000009570000)]
  0x0000000007e05000 JavaThread "C2 CompilerThread0" daemon [_thread_blocked, id=7464, stack(0x0000000009370000,0x0000000009470000)]
  0x0000000007e04000 JavaThread "Attach Listener" daemon [_thread_blocked, id=5444, stack(0x0000000009270000,0x0000000009370000)]
  0x0000000007e01000 JavaThread "Signal Dispatcher" daemon [_thread_blocked, id=4912, stack(0x0000000009170000,0x0000000009270000)]
  0x0000000007dcf800 JavaThread "Finalizer" daemon [_thread_blocked, id=5540, stack(0x0000000009070000,0x0000000009170000)]
  0x0000000007dc8000 JavaThread "Reference Handler" daemon [_thread_blocked, id=2016, stack(0x0000000008f70000,0x0000000009070000)]
  0x0000000001e6e000 JavaThread "main" [_thread_blocked, id=8732, stack(0x0000000001cc0000,0x0000000001dc0000)]

Other Threads:
=>0x0000000007dc2000 VMThread [stack: 0x0000000008e70000,0x0000000008f70000] [id=6304]
  0x0000000007e25000 WatcherThread [stack: 0x0000000009670000,0x0000000009770000] [id=7532]

VM state:at safepoint (normal execution)

VM Mutex/Monitor currently owned by a thread:  ([mutex/lock_event])
[0x0000000001e6ca30] Threads_lock - owner thread: 0x0000000007dc2000
[0x0000000001e6d230] Heap_lock - owner thread: 0x0000000001e6e000

Heap
 PSYoungGen      total 144384K, used 15343K [0x00000000eaa80000, 0x00000000fda80000, 0x0000000100000000)
  eden space 129024K, 0% used [0x00000000eaa80000,0x00000000eaa80000,0x00000000f2880000)
  from space 15360K, 99% used [0x00000000f2880000,0x00000000f377bf98,0x00000000f3780000)
  to   space 13312K, 0% used [0x00000000f3780000,0x00000000f3780000,0x00000000f4480000)
 ParOldGen       total 41984K, used 41397K [0x00000000c0000000, 0x00000000c2900000, 0x00000000eaa80000)
  object space 41984K, 98% used [0x00000000c0000000,0x00000000c286d508,0x00000000c2900000)
 PSPermGen       total 21504K, used 5781K [0x00000000bae00000, 0x00000000bc300000, 0x00000000c0000000)
  object space 21504K, 26% used [0x00000000bae00000,0x00000000bb3a5748,0x00000000bc300000)

Card table byte_map: [0x0000000005030000,0x0000000005260000] byte_map_base: 0x0000000004a59000

Polling page: 0x00000000003a0000

Code Cache  [0x0000000001f70000, 0x0000000002230000, 0x0000000004f70000)
 total_blobs=894 nmethods=660 adapters=186 free_code_cache=46447Kb largest_free_block=47502336

Compilation events (10 events):
Event: 9.873 Thread 0x0000000007e12000  672             com.android.dx.dex.file.DexFile::getStringIds (5 bytes)
Event: 9.873 Thread 0x0000000007e12000 nmethod 672 0x000000000204dd50 code [0x000000000204de80, 0x000000000204ded8]
Event: 9.878 Thread 0x0000000007e05000  673             com.android.dx.dex.file.IndexedItem::setIndex (24 bytes)
Event: 9.879 Thread 0x0000000007e05000 nmethod 673 0x000000000204db10 code [0x000000000204dc40, 0x000000000204dcb8]
Event: 9.884 Thread 0x0000000007e12000  674             com.android.dx.rop.type.Prototype::getReturnType (5 bytes)
Event: 9.884 Thread 0x0000000007e12000 nmethod 674 0x000000000204d910 code [0x000000000204da40, 0x000000000204da98]
Event: 9.886 Thread 0x0000000007e05000  675             com.android.dx.dex.file.MixedItemSection::prepare0 (57 bytes)
Event: 9.890 Thread 0x0000000007e05000 nmethod 675 0x00000000021fd110 code [0x00000000021fd260, 0x00000000021fd418]
Event: 9.892 Thread 0x0000000007e12000  676             com.android.dx.dex.file.UniformItemSection::prepare0 (47 bytes)
Event: 9.904 Thread 0x0000000007e12000 nmethod 676 0x0000000002023950 code [0x0000000002023b00, 0x0000000002023f08]

GC Heap History (10 events):
Event: 3.902 GC heap after
Heap after GC invocations=2 (full 0):
 PSYoungGen      total 35328K, used 2535K [0x00000000eaa80000, 0x00000000ecf80000, 0x0000000100000000)
  eden space 32768K, 0% used [0x00000000eaa80000,0x00000000eaa80000,0x00000000eca80000)
  from space 2560K, 99% used [0x00000000ecd00000,0x00000000ecf79c78,0x00000000ecf80000)
  to   space 2560K, 0% used [0x00000000eca80000,0x00000000eca80000,0x00000000ecd00000)
 ParOldGen       total 41984K, used 4024K [0x00000000c0000000, 0x00000000c2900000, 0x00000000eaa80000)
  object space 41984K, 9% used [0x00000000c0000000,0x00000000c03ee2e0,0x00000000c2900000)
 PSPermGen       total 21504K, used 5438K [0x00000000bae00000, 0x00000000bc300000, 0x00000000c0000000)
  object space 21504K, 25% used [0x00000000bae00000,0x00000000bb34f898,0x00000000bc300000)
}
Event: 5.024 GC heap before
{Heap before GC invocations=3 (full 0):
 PSYoungGen      total 35328K, used 35303K [0x00000000eaa80000, 0x00000000ecf80000, 0x0000000100000000)
  eden space 32768K, 100% used [0x00000000eaa80000,0x00000000eca80000,0x00000000eca80000)
  from space 2560K, 99% used [0x00000000ecd00000,0x00000000ecf79c78,0x00000000ecf80000)
  to   space 2560K, 0% used [0x00000000eca80000,0x00000000eca80000,0x00000000ecd00000)
 ParOldGen       total 41984K, used 4024K [0x00000000c0000000, 0x00000000c2900000, 0x00000000eaa80000)
  object space 41984K, 9% used [0x00000000c0000000,0x00000000c03ee2e0,0x00000000c2900000)
 PSPermGen       total 21504K, used 5526K [0x00000000bae00000, 0x00000000bc300000, 0x00000000c0000000)
  object space 21504K, 25% used [0x00000000bae00000,0x00000000bb365878,0x00000000bc300000)
Event: 5.053 GC heap after
Heap after GC invocations=3 (full 0):
 PSYoungGen      total 35328K, used 2528K [0x00000000eaa80000, 0x00000000eef80000, 0x0000000100000000)
  eden space 32768K, 0% used [0x00000000eaa80000,0x00000000eaa80000,0x00000000eca80000)
  from space 2560K, 98% used [0x00000000eca80000,0x00000000eccf8038,0x00000000ecd00000)
  to   space 2560K, 0% used [0x00000000eed00000,0x00000000eed00000,0x00000000eef80000)
 ParOldGen       total 41984K, used 9236K [0x00000000c0000000, 0x00000000c2900000, 0x00000000eaa80000)
  object space 41984K, 21% used [0x00000000c0000000,0x00000000c0905008,0x00000000c2900000)
 PSPermGen       total 21504K, used 5526K [0x00000000bae00000, 0x00000000bc300000, 0x00000000c0000000)
  object space 21504K, 25% used [0x00000000bae00000,0x00000000bb365878,0x00000000bc300000)
}
Event: 5.869 GC heap before
{Heap before GC invocations=4 (full 0):
 PSYoungGen      total 35328K, used 35296K [0x00000000eaa80000, 0x00000000eef80000, 0x0000000100000000)
  eden space 32768K, 100% used [0x00000000eaa80000,0x00000000eca80000,0x00000000eca80000)
  from space 2560K, 98% used [0x00000000eca80000,0x00000000eccf8038,0x00000000ecd00000)
  to   space 2560K, 0% used [0x00000000eed00000,0x00000000eed00000,0x00000000eef80000)
 ParOldGen       total 41984K, used 9236K [0x00000000c0000000, 0x00000000c2900000, 0x00000000eaa80000)
  object space 41984K, 21% used [0x00000000c0000000,0x00000000c0905008,0x00000000c2900000)
 PSPermGen       total 21504K, used 5553K [0x00000000bae00000, 0x00000000bc300000, 0x00000000c0000000)
  object space 21504K, 25% used [0x00000000bae00000,0x00000000bb36c7d0,0x00000000bc300000)
Event: 5.902 GC heap after
Heap after GC invocations=4 (full 0):
 PSYoungGen      total 68096K, used 2544K [0x00000000eaa80000, 0x00000000eef80000, 0x0000000100000000)
  eden space 65536K, 0% used [0x00000000eaa80000,0x00000000eaa80000,0x00000000eea80000)
  from space 2560K, 99% used [0x00000000eed00000,0x00000000eef7c010,0x00000000eef80000)
  to   space 2560K, 0% used [0x00000000eea80000,0x00000000eea80000,0x00000000eed00000)
 ParOldGen       total 41984K, used 13367K [0x00000000c0000000, 0x00000000c2900000, 0x00000000eaa80000)
  object space 41984K, 31% used [0x00000000c0000000,0x00000000c0d0df48,0x00000000c2900000)
 PSPermGen       total 21504K, used 5553K [0x00000000bae00000, 0x00000000bc300000, 0x00000000c0000000)
  object space 21504K, 25% used [0x00000000bae00000,0x00000000bb36c7d0,0x00000000bc300000)
}
Event: 6.904 GC heap before
{Heap before GC invocations=5 (full 0):
 PSYoungGen      total 68096K, used 68080K [0x00000000eaa80000, 0x00000000eef80000, 0x0000000100000000)
  eden space 65536K, 100% used [0x00000000eaa80000,0x00000000eea80000,0x00000000eea80000)
  from space 2560K, 99% used [0x00000000eed00000,0x00000000eef7c010,0x00000000eef80000)
  to   space 2560K, 0% used [0x00000000eea80000,0x00000000eea80000,0x00000000eed00000)
 ParOldGen       total 41984K, used 13367K [0x00000000c0000000, 0x00000000c2900000, 0x00000000eaa80000)
  object space 41984K, 31% used [0x00000000c0000000,0x00000000c0d0df48,0x00000000c2900000)
 PSPermGen       total 21504K, used 5616K [0x00000000bae00000, 0x00000000bc300000, 0x00000000c0000000)
  object space 21504K, 26% used [0x00000000bae00000,0x00000000bb37c0e0,0x00000000bc300000)
Event: 6.969 GC heap after
Heap after GC invocations=5 (full 0):
 PSYoungGen      total 68096K, used 2545K [0x00000000eaa80000, 0x00000000f4480000, 0x0000000100000000)
  eden space 65536K, 0% used [0x00000000eaa80000,0x00000000eaa80000,0x00000000eea80000)
  from space 2560K, 99% used [0x00000000eea80000,0x00000000eecfc6e8,0x00000000eed00000)
  to   space 13312K, 0% used [0x00000000f3780000,0x00000000f3780000,0x00000000f4480000)
 ParOldGen       total 41984K, used 23962K [0x00000000c0000000, 0x00000000c2900000, 0x00000000eaa80000)
  object space 41984K, 57% used [0x00000000c0000000,0x00000000c1766880,0x00000000c2900000)
 PSPermGen       total 21504K, used 5616K [0x00000000bae00000, 0x00000000bc300000, 0x00000000c0000000)
  object space 21504K, 26% used [0x00000000bae00000,0x00000000bb37c0e0,0x00000000bc300000)
}
Event: 8.041 GC heap before
{Heap before GC invocations=6 (full 0):
 PSYoungGen      total 68096K, used 68081K [0x00000000eaa80000, 0x00000000f4480000, 0x0000000100000000)
  eden space 65536K, 100% used [0x00000000eaa80000,0x00000000eea80000,0x00000000eea80000)
  from space 2560K, 99% used [0x00000000eea80000,0x00000000eecfc6e8,0x00000000eed00000)
  to   space 13312K, 0% used [0x00000000f3780000,0x00000000f3780000,0x00000000f4480000)
 ParOldGen       total 41984K, used 23962K [0x00000000c0000000, 0x00000000c2900000, 0x00000000eaa80000)
  object space 41984K, 57% used [0x00000000c0000000,0x00000000c1766880,0x00000000c2900000)
 PSPermGen       total 21504K, used 5642K [0x00000000bae00000, 0x00000000bc300000, 0x00000000c0000000)
  object space 21504K, 26% used [0x00000000bae00000,0x00000000bb382be8,0x00000000bc300000)
Event: 8.127 GC heap after
Heap after GC invocations=6 (full 0):
 PSYoungGen      total 142336K, used 12691K [0x00000000eaa80000, 0x00000000f4880000, 0x0000000100000000)
  eden space 129024K, 0% used [0x00000000eaa80000,0x00000000eaa80000,0x00000000f2880000)
  from space 13312K, 95% used [0x00000000f3780000,0x00000000f43e4e88,0x00000000f4480000)
  to   space 15360K, 0% used [0x00000000f2880000,0x00000000f2880000,0x00000000f3780000)
 ParOldGen       total 41984K, used 23962K [0x00000000c0000000, 0x00000000c2900000, 0x00000000eaa80000)
  object space 41984K, 57% used [0x00000000c0000000,0x00000000c1766880,0x00000000c2900000)
 PSPermGen       total 21504K, used 5642K [0x00000000bae00000, 0x00000000bc300000, 0x00000000c0000000)
  object space 21504K, 26% used [0x00000000bae00000,0x00000000bb382be8,0x00000000bc300000)
}
Event: 9.909 GC heap before
{Heap before GC invocations=7 (full 0):
 PSYoungGen      total 142336K, used 141715K [0x00000000eaa80000, 0x00000000f4880000, 0x0000000100000000)
  eden space 129024K, 100% used [0x00000000eaa80000,0x00000000f2880000,0x00000000f2880000)
  from space 13312K, 95% used [0x00000000f3780000,0x00000000f43e4e88,0x00000000f4480000)
  to   space 15360K, 0% used [0x00000000f2880000,0x00000000f2880000,0x00000000f3780000)
 ParOldGen       total 41984K, used 23962K [0x00000000c0000000, 0x00000000c2900000, 0x00000000eaa80000)
  object space 41984K, 57% used [0x00000000c0000000,0x00000000c1766880,0x00000000c2900000)
 PSPermGen       total 21504K, used 5781K [0x00000000bae00000, 0x00000000bc300000, 0x00000000c0000000)
  object space 21504K, 26% used [0x00000000bae00000,0x00000000bb3a5748,0x00000000bc300000)

Deoptimization events (10 events):
Event: 7.228 Thread 0x0000000001e6e000 Uncommon trap: reason=class_check action=maybe_recompile pc=0x000000000206eecc method=com.android.dx.cf.code.Ropper.processBlock(Lcom/android/dx/cf/code/ByteBlock;Lcom/android/dx/cf/code/Frame;[I)V @ 777
Event: 7.228 Thread 0x0000000001e6e000 Uncommon trap: reason=class_check action=maybe_recompile pc=0x000000000206eecc method=com.android.dx.cf.code.Ropper.processBlock(Lcom/android/dx/cf/code/ByteBlock;Lcom/android/dx/cf/code/Frame;[I)V @ 777
Event: 7.414 Thread 0x0000000001e6e000 Uncommon trap: reason=class_check action=maybe_recompile pc=0x00000000020fb754 method=com.android.dx.cf.code.RopperMachine.run(Lcom/android/dx/cf/code/Frame;II)V @ 310
Event: 7.414 Thread 0x0000000001e6e000 Uncommon trap: reason=class_check action=maybe_recompile pc=0x00000000020fb754 method=com.android.dx.cf.code.RopperMachine.run(Lcom/android/dx/cf/code/Frame;II)V @ 310
Event: 7.752 Thread 0x0000000001e6e000 Uncommon trap: reason=unreached action=reinterpret pc=0x000000000208d5f0 method=com.android.dx.cf.direct.StdAttributeFactory.parse0(Lcom/android/dx/cf/direct/DirectClassFile;ILjava/lang/String;IILcom/android/dx/cf/iface/ParseObserver;)Lcom/android/dx/cf/if
Event: 8.253 Thread 0x0000000001e6e000 Uncommon trap: reason=bimorphic action=maybe_recompile pc=0x00000000021d67f4 method=com.android.dx.cf.code.BytecodeArray.parseInstruction(ILcom/android/dx/cf/code/BytecodeArray$Visitor;)I @ 987
Event: 8.254 Thread 0x0000000001e6e000 Uncommon trap: reason=bimorphic action=maybe_recompile pc=0x00000000021d6998 method=com.android.dx.cf.code.BytecodeArray.parseInstruction(ILcom/android/dx/cf/code/BytecodeArray$Visitor;)I @ 1051
Event: 8.254 Thread 0x0000000001e6e000 Uncommon trap: reason=bimorphic action=maybe_recompile pc=0x00000000021d6998 method=com.android.dx.cf.code.BytecodeArray.parseInstruction(ILcom/android/dx/cf/code/BytecodeArray$Visitor;)I @ 1051
Event: 8.796 Thread 0x0000000001e6e000 Uncommon trap: reason=unreached action=reinterpret pc=0x00000000021ce4c4 method=com.android.dx.ssa.SsaMethod.onInsnRemoved(Lcom/android/dx/ssa/SsaInsn;)V @ 29
Event: 9.734 Thread 0x0000000001e6e000 Uncommon trap: reason=unreached action=reinterpret pc=0x00000000021ff024 method=com.android.dx.dex.file.DexFile.internIfAppropriate(Lcom/android/dx/rop/cst/Constant;)V @ 92

Internal exceptions (5 events):
Event: 0.069 Thread 0x0000000001e6e000 Threw 0x00000000eaa8ae60 at C:\re\jdk7u71\1605\hotspot\src\share\vm\prims\jni.cpp:3991
Event: 1.163 Thread 0x0000000001e6e000 Implicit null exception at 0x0000000001ff2428 to 0x0000000001ff2759
Event: 2.590 Thread 0x0000000001e6e000 Implicit null exception at 0x000000000202a3ec to 0x000000000202b6b9
Event: 3.932 Thread 0x0000000001e6e000 Implicit null exception at 0x0000000001fff2d2 to 0x0000000001fff3c2
Event: 8.796 Thread 0x0000000001e6e000 Implicit null exception at 0x00000000021ce40d to 0x00000000021ce4ad

Events (10 events):
Event: 9.460 loading class 0x0000000001ee83b0
Event: 9.461 loading class 0x0000000001ee83b0 done
Event: 9.496 loading class 0x0000000009a18320
Event: 9.496 loading class 0x0000000009a18320 done
Event: 9.734 Thread 0x0000000001e6e000 Uncommon trap: trap_request=0xffffffad fr.pc=0x00000000021ff024
Event: 9.734 Thread 0x0000000001e6e000 DEOPT PACKING pc=0x00000000021ff024 sp=0x0000000001dbee10
Event: 9.734 Thread 0x0000000001e6e000 DEOPT UNPACKING pc=0x0000000001fa75a4 sp=0x0000000001dbee08 mode 2
Event: 9.800 loading class 0x0000000007e63c60
Event: 9.800 loading class 0x0000000007e63c60 done
Event: 9.909 Executing VM operation: ParallelGCFailedAllocation


Dynamic libraries:
0x00007ff7d7e30000 - 0x00007ff7d7e63000 	C:\PROGRA~1\Java\JDK17~1.0_7\bin\java.exe
0x00007ffdd03e0000 - 0x00007ffdd0586000 	C:\WINDOWS\SYSTEM32\ntdll.dll
0x00007ffdd00d0000 - 0x00007ffdd020a000 	C:\WINDOWS\system32\KERNEL32.DLL
0x00007ffdcd970000 - 0x00007ffdcda7f000 	C:\WINDOWS\system32\KERNELBASE.dll
0x00007ffdcc370000 - 0x00007ffdcc3f8000 	C:\WINDOWS\system32\apphelp.dll
0x00007ffdb8ef0000 - 0x00007ffdb8f3f000 	C:\WINDOWS\AppPatch\AppPatch64\AcGenral.DLL
0x00007ffdce720000 - 0x00007ffdce7c7000 	C:\WINDOWS\system32\msvcrt.dll
0x00007ffdcd590000 - 0x00007ffdcd5bb000 	C:\WINDOWS\SYSTEM32\SspiCli.dll
0x00007ffdce020000 - 0x00007ffdce071000 	C:\WINDOWS\system32\SHLWAPI.dll
0x00007ffdce180000 - 0x00007ffdce2f1000 	C:\WINDOWS\system32\USER32.dll
0x00007ffdce5a0000 - 0x00007ffdce718000 	C:\WINDOWS\system32\ole32.dll
0x00007ffdce950000 - 0x00007ffdcfd5f000 	C:\WINDOWS\system32\SHELL32.dll
0x00007ffdccf30000 - 0x00007ffdccf4e000 	C:\WINDOWS\SYSTEM32\USERENV.dll
0x00007ffdce7d0000 - 0x00007ffdce875000 	C:\WINDOWS\system32\ADVAPI32.dll
0x00007ffdc4e80000 - 0x00007ffdc4e9b000 	C:\WINDOWS\SYSTEM32\MPR.dll
0x00007ffdce460000 - 0x00007ffdce597000 	C:\WINDOWS\system32\RPCRT4.dll
0x00007ffdd0250000 - 0x00007ffdd02a7000 	C:\WINDOWS\SYSTEM32\sechost.dll
0x00007ffdcde40000 - 0x00007ffdce016000 	C:\WINDOWS\SYSTEM32\combase.dll
0x00007ffdcfd60000 - 0x00007ffdcfea4000 	C:\WINDOWS\system32\GDI32.dll
0x00007ffdcd750000 - 0x00007ffdcd764000 	C:\WINDOWS\SYSTEM32\profapi.dll
0x00007ffdcbda0000 - 0x00007ffdcbe3f000 	C:\WINDOWS\SYSTEM32\SHCORE.dll
0x00007ffdd0210000 - 0x00007ffdd0244000 	C:\WINDOWS\system32\IMM32.DLL
0x00007ffdce320000 - 0x00007ffdce459000 	C:\WINDOWS\system32\MSCTF.dll
0x00007ffdcb310000 - 0x00007ffdcb56a000 	C:\WINDOWS\WinSxS\amd64_microsoft.windows.common-controls_6595b64144ccf1df_6.0.9600.17031_none_6242a4b3ecbb55a1\COMCTL32.dll
0x0000000077ea0000 - 0x0000000077f72000 	C:\PROGRA~1\Java\JDK17~1.0_7\jre\bin\msvcr100.dll
0x00000000773d0000 - 0x0000000077ba3000 	C:\PROGRA~1\Java\JDK17~1.0_7\jre\bin\server\jvm.dll
0x00007ffdc6300000 - 0x00007ffdc6309000 	C:\WINDOWS\SYSTEM32\WSOCK32.dll
0x00007ffdc62e0000 - 0x00007ffdc62ff000 	C:\WINDOWS\SYSTEM32\WINMM.dll
0x00007ffdd0320000 - 0x00007ffdd0327000 	C:\WINDOWS\system32\PSAPI.DLL
0x00007ffdce080000 - 0x00007ffdce0d8000 	C:\WINDOWS\system32\WS2_32.dll
0x00007ffdc62b0000 - 0x00007ffdc62da000 	C:\WINDOWS\SYSTEM32\WINMMBASE.dll
0x00007ffdd00c0000 - 0x00007ffdd00c9000 	C:\WINDOWS\system32\NSI.dll
0x00007ffdcd820000 - 0x00007ffdcd86a000 	C:\WINDOWS\SYSTEM32\cfgmgr32.dll
0x00007ffdcc5d0000 - 0x00007ffdcc5f6000 	C:\WINDOWS\SYSTEM32\DEVOBJ.dll
0x0000000050130000 - 0x000000005013f000 	C:\PROGRA~1\Java\JDK17~1.0_7\jre\bin\verify.dll
0x0000000050100000 - 0x0000000050128000 	C:\PROGRA~1\Java\JDK17~1.0_7\jre\bin\java.dll
0x00000000500e0000 - 0x00000000500f5000 	C:\PROGRA~1\Java\JDK17~1.0_7\jre\bin\zip.dll
0x00000000500c0000 - 0x00000000500d9000 	C:\Program Files\Java\jdk1.7.0_71\jre\bin\net.dll
0x00007ffdccf50000 - 0x00007ffdccfa8000 	C:\WINDOWS\system32\mswsock.dll
0x00000000500a0000 - 0x00000000500b1000 	C:\Program Files\Java\jdk1.7.0_71\jre\bin\nio.dll

VM Arguments:
jvm_args: -Xmx1024M -Xss1m -Djava.ext.dirs=C:\Users\Argonauta\AppData\Local\Android\android-studio\sdk\build-tools\21.0.1\lib 
java_command: C:\Users\Argonauta\AppData\Local\Android\android-studio\sdk\build-tools\21.0.1\lib\dx.jar --dex --output C:\testeSVN\eiGoverno\Implementação\eiGoverno\app\build\intermediates\pre-dexed\debug\classes-36be95bd60da9c0728b72e3905b44457a95314db.jar C:\testeSVN\eiGoverno\Implementação\eiGoverno\app\build\intermediates\exploded-aar\com.android.support\support-v4\21.0.0\classes.jar
Launcher Type: SUN_STANDARD

Environment Variables:
JAVA_HOME=C:\Program Files\Java\jdk1.7.0_71
CLASSPATH=.;
PATH=C:\Program Files (x86)\Intel\iCLS Client\;C:\Program Files\Intel\iCLS Client\;C:\WINDOWS\system32;C:\WINDOWS;C:\WINDOWS\System32\Wbem;C:\WINDOWS\System32\WindowsPowerShell\v1.0\;C:\Program Files\Intel\Intel(R) Management Engine Components\DAL;C:\Program Files\Intel\Intel(R) Management Engine Components\IPT;C:\Program Files (x86)\Intel\Intel(R) Management Engine Components\DAL;C:\Program Files (x86)\Intel\Intel(R) Management Engine Components\IPT;C:\Program Files (x86)\Intel\OpenCL SDK\2.0\bin\x86;C:\Program Files (x86)\Intel\OpenCL SDK\2.0\bin\x64;C:\Program Files\Internet Explorer;C:\Program Files\Java\jdk\bin;C:\Program Files\Samsung\AllShare Framework DMS\1.3.06\;C:\Program Files\Samsung\AllShare Framework DMS\1.3.06\64bit\;C:\Program Files\Microsoft SQL Server\110\Tools\Binn\;C:\Program Files (x86)\Intel\OpenCL SDK\2.0\bin\x86;C:\Program Files (x86)\Intel\OpenCL SDK\2.0\bin\x64;C:\Program Files\TortoiseSVN\bin;C:\Program Files (x86)\Windows Kits\8.1\Windows Performance Toolkit\;C:\Program Files (x86)\Microsoft SDKs\TypeScript\1.0\;C:\Program Files (x86)\Microsoft SQL Server\Client SDK\ODBC\110\Tools\Binn\;C:\Program Files (x86)\Microsoft SQL Server\120\Tools\Binn\;C:\Program Files (x86)\Microsoft SQL Server\120\DTS\Binn\;C:\Program Files\Microsoft SQL Server\Client SDK\ODBC\110\Tools\Binn\;C:\Program Files (x86)\Microsoft SQL Server\120\Tools\Binn\ManagementStudio\;C:\Program Files\Microsoft SQL Server\120\Tools\Binn\;C:\Program Files\Microsoft SQL Server\120\DTS\Binn\;C:\Program Files (x86)\Git\cmd;C:\Program Files (x86)\Git\bin;C:\grails\bin
USERNAME=Argonauta
OS=Windows_NT
PROCESSOR_IDENTIFIER=Intel64 Family 6 Model 58 Stepping 9, GenuineIntel



---------------  S Y S T E M  ---------------

OS: Windows 8.1 , 64 bit Build 9600 

CPU:total 4 (2 cores per cpu, 2 threads per core) family 6 model 58 stepping 9, cmov, cx8, fxsr, mmx, sse, sse2, sse3, ssse3, sse4.1, sse4.2, popcnt, avx, aes, erms, ht, tsc, tscinvbit, tscinv

Memory: 4k page, physical 4070680k(233456k free), swap 7216408k(5888k free)

vm_info: Java HotSpot(TM) 64-Bit Server VM (24.71-b01) for windows-amd64 JRE (1.7.0_71-b14), built on Sep 26 2014 16:16:12 by "java_re" with unknown MS VC++:1600

time: Thu Nov 13 21:01:00 2014
elapsed time: 10 seconds

