#
# There is insufficient memory for the Java Runtime Environment to continue.
# Native memory allocation (malloc) failed to allocate 1048576 bytes for AllocateHeap
# Possible reasons:
#   The system is out of physical RAM or swap space
#   In 32 bit mode, the process size limit was hit
# Possible solutions:
#   Reduce memory load on the system
#   Increase physical memory or swap space
#   Check if swap backing store is full
#   Use 64 bit Java on a 64 bit OS
#   Decrease Java heap size (-Xmx/-Xms)
#   Decrease number of Java threads
#   Decrease Java thread stack sizes (-Xss)
#   Set larger code cache with -XX:ReservedCodeCacheSize=
# This output file may be truncated or incomplete.
#
#  Out of Memory Error (memory/allocation.inline.hpp:61), pid=8668, tid=10156
#
# JRE version:  (7.0_71-b14) (build )
# Java VM: Java HotSpot(TM) 64-Bit Server VM (24.71-b01 mixed mode windows-amd64 compressed oops)
# Failed to write core dump. Minidumps are not enabled by default on client versions of Windows
#

---------------  T H R E A D  ---------------

Current thread (0x0000000001f0e000):  JavaThread "Unknown thread" [_thread_in_vm, id=10156, stack(0x0000000001d30000,0x0000000001e30000)]

Stack: [0x0000000001d30000,0x0000000001e30000]
[error occurred during error reporting (printing stack bounds), id 0xc0000005]


---------------  P R O C E S S  ---------------

Java Threads: ( => current thread )

Other Threads:

=>0x0000000001f0e000 (exited) JavaThread "Unknown thread" [_thread_in_vm, id=10156, stack(0x0000000001d30000,0x0000000001e30000)]

VM state:not at safepoint (normal execution)

VM Mutex/Monitor currently owned by a thread: None

Heap
 PSYoungGen      total 18944K, used 327K [0x00000000eaa80000, 0x00000000ebf80000, 0x0000000100000000)
  eden space 16384K, 2% used [0x00000000eaa80000,0x00000000eaad1f10,0x00000000eba80000)
  from space 2560K, 0% used [0x00000000ebd00000,0x00000000ebd00000,0x00000000ebf80000)
  to   space 2560K, 0% used [0x00000000eba80000,0x00000000eba80000,0x00000000ebd00000)
 ParOldGen       total 41984K, used 0K [0x00000000c0000000, 0x00000000c2900000, 0x00000000eaa80000)
  object space 41984K, 0% used [0x00000000c0000000,0x00000000c0000000,0x00000000c2900000)
 PSPermGen       total 21504K, used 694K [0x00000000bae00000, 0x00000000bc300000, 0x00000000c0000000)
  object space 21504K, 3% used [0x00000000bae00000,0x00000000baead9f8,0x00000000bc300000)

Card table byte_map: [0x0000000005010000,0x0000000005240000] byte_map_base: 0x0000000004a39000

Polling page: 0x00000000002c0000

Code Cache  [0x0000000002010000, 0x0000000002280000, 0x0000000005010000)
 total_blobs=38 nmethods=0 adapters=20 free_code_cache=48889Kb largest_free_block=50062528

Compilation events (0 events):
No events

GC Heap History (0 events):
No events

Deoptimization events (0 events):
No events

Internal exceptions (0 events):
No events

Events (10 events):
Event: 0.089 loading class 0x0000000001f57c00
Event: 0.090 loading class 0x0000000001f57c00 done
Event: 0.090 loading class 0x0000000001f57c50
Event: 0.090 loading class 0x0000000001f57c50 done
Event: 0.090 loading class 0x0000000001f57ca0
Event: 0.090 loading class 0x0000000001f57ca0 done
Event: 0.093 loading class 0x0000000001f58a00
Event: 0.093 loading class 0x0000000001f58a00 done
Event: 0.093 loading class 0x0000000001f58620
Event: 0.093 loading class 0x0000000001f58620 done


Dynamic libraries:
0x00007ff68cb70000 - 0x00007ff68cba3000 	C:\PROGRA~1\Java\JDK17~1.0_7\bin\java.exe
0x00007ff96b5d0000 - 0x00007ff96b776000 	C:\WINDOWS\SYSTEM32\ntdll.dll
0x00007ff968ec0000 - 0x00007ff968ffa000 	C:\WINDOWS\system32\KERNEL32.DLL
0x00007ff968cb0000 - 0x00007ff968dbf000 	C:\WINDOWS\system32\KERNELBASE.dll
0x00007ff967580000 - 0x00007ff967608000 	C:\WINDOWS\system32\apphelp.dll
0x00007ff94bf70000 - 0x00007ff94bfbf000 	C:\WINDOWS\AppPatch\AppPatch64\AcGenral.DLL
0x00007ff96b320000 - 0x00007ff96b3c7000 	C:\WINDOWS\system32\msvcrt.dll
0x00007ff968800000 - 0x00007ff96882b000 	C:\WINDOWS\SYSTEM32\SspiCli.dll
0x00007ff9697b0000 - 0x00007ff969801000 	C:\WINDOWS\system32\SHLWAPI.dll
0x00007ff9698d0000 - 0x00007ff969a41000 	C:\WINDOWS\system32\USER32.dll
0x00007ff969260000 - 0x00007ff9693d8000 	C:\WINDOWS\system32\ole32.dll
0x00007ff969e60000 - 0x00007ff96b26f000 	C:\WINDOWS\system32\SHELL32.dll
0x00007ff968100000 - 0x00007ff96811e000 	C:\WINDOWS\SYSTEM32\USERENV.dll
0x00007ff9693e0000 - 0x00007ff969485000 	C:\WINDOWS\system32\ADVAPI32.dll
0x00007ff95e3d0000 - 0x00007ff95e3eb000 	C:\WINDOWS\SYSTEM32\MPR.dll
0x00007ff969670000 - 0x00007ff9697a7000 	C:\WINDOWS\system32\RPCRT4.dll
0x00007ff969cb0000 - 0x00007ff969d07000 	C:\WINDOWS\SYSTEM32\sechost.dll
0x00007ff96b3f0000 - 0x00007ff96b5c6000 	C:\WINDOWS\SYSTEM32\combase.dll
0x00007ff969d10000 - 0x00007ff969e54000 	C:\WINDOWS\system32\GDI32.dll
0x00007ff968950000 - 0x00007ff968964000 	C:\WINDOWS\SYSTEM32\profapi.dll
0x00007ff966fb0000 - 0x00007ff96704f000 	C:\WINDOWS\SYSTEM32\SHCORE.dll
0x00007ff969000000 - 0x00007ff969034000 	C:\WINDOWS\system32\IMM32.DLL
0x00007ff969120000 - 0x00007ff969259000 	C:\WINDOWS\system32\MSCTF.dll
0x00007ff966610000 - 0x00007ff96686a000 	C:\WINDOWS\WinSxS\amd64_microsoft.windows.common-controls_6595b64144ccf1df_6.0.9600.17031_none_6242a4b3ecbb55a1\COMCTL32.dll
0x000000006cda0000 - 0x000000006ce72000 	C:\PROGRA~1\Java\JDK17~1.0_7\jre\bin\msvcr100.dll
0x000000006b510000 - 0x000000006bce3000 	C:\PROGRA~1\Java\JDK17~1.0_7\jre\bin\server\jvm.dll
0x00007ff9618b0000 - 0x00007ff9618b9000 	C:\WINDOWS\SYSTEM32\WSOCK32.dll
0x00007ff961890000 - 0x00007ff9618af000 	C:\WINDOWS\SYSTEM32\WINMM.dll
0x00007ff969040000 - 0x00007ff969047000 	C:\WINDOWS\system32\PSAPI.DLL
0x00007ff968e60000 - 0x00007ff968eb8000 	C:\WINDOWS\system32\WS2_32.dll
0x00007ff961860000 - 0x00007ff96188a000 	C:\WINDOWS\SYSTEM32\WINMMBASE.dll
0x00007ff969a60000 - 0x00007ff969a69000 	C:\WINDOWS\system32\NSI.dll
0x00007ff968dc0000 - 0x00007ff968e0a000 	C:\WINDOWS\SYSTEM32\cfgmgr32.dll
0x00007ff967800000 - 0x00007ff967826000 	C:\WINDOWS\SYSTEM32\DEVOBJ.dll
0x000000006d3c0000 - 0x000000006d3cf000 	C:\PROGRA~1\Java\JDK17~1.0_7\jre\bin\verify.dll
0x000000006d390000 - 0x000000006d3b8000 	C:\PROGRA~1\Java\JDK17~1.0_7\jre\bin\java.dll
0x000000006d370000 - 0x000000006d385000 	C:\PROGRA~1\Java\JDK17~1.0_7\jre\bin\zip.dll

VM Arguments:
jvm_args: -Xmx1024M -Xss1m -Djava.ext.dirs=C:\Users\Argonauta\AppData\Local\Android\android-studio\sdk\build-tools\21.0.1\lib 
java_command: C:\Users\Argonauta\AppData\Local\Android\android-studio\sdk\build-tools\21.0.1\lib\dx.jar --dex --output C:\testeSVN\eiGoverno\Implementação\eiGoverno\app\build\intermediates\pre-dexed\debug\ormlite-android-4.48-d430d8cd9066d77d48e74bf86d6f7b7d3d7d2b28.jar C:\Users\Argonauta\.gradle\caches\modules-2\files-2.1\com.j256.ormlite\ormlite-android\4.48\afa06f539a4026c10b247386312aa67404b80a16\ormlite-android-4.48.jar
Launcher Type: SUN_STANDARD

Environment Variables:
JAVA_HOME=C:\Program Files\Java\jdk1.7.0_71
CLASSPATH=.;
PATH=C:\Program Files (x86)\Intel\iCLS Client\;C:\Program Files\Intel\iCLS Client\;C:\WINDOWS\system32;C:\WINDOWS;C:\WINDOWS\System32\Wbem;C:\WINDOWS\System32\WindowsPowerShell\v1.0\;C:\Program Files\Intel\Intel(R) Management Engine Components\DAL;C:\Program Files\Intel\Intel(R) Management Engine Components\IPT;C:\Program Files (x86)\Intel\Intel(R) Management Engine Components\DAL;C:\Program Files (x86)\Intel\Intel(R) Management Engine Components\IPT;C:\Program Files (x86)\Intel\OpenCL SDK\2.0\bin\x86;C:\Program Files (x86)\Intel\OpenCL SDK\2.0\bin\x64;C:\Program Files\Internet Explorer;C:\Program Files\Java\jdk\bin;C:\Program Files\Samsung\AllShare Framework DMS\1.3.06\;C:\Program Files\Samsung\AllShare Framework DMS\1.3.06\64bit\;C:\Program Files\Microsoft SQL Server\110\Tools\Binn\;C:\Program Files (x86)\Intel\OpenCL SDK\2.0\bin\x86;C:\Program Files (x86)\Intel\OpenCL SDK\2.0\bin\x64;C:\Program Files\TortoiseSVN\bin;C:\Program Files (x86)\Windows Kits\8.1\Windows Performance Toolkit\;C:\Program Files (x86)\Microsoft SDKs\TypeScript\1.0\;C:\Program Files (x86)\Microsoft SQL Server\Client SDK\ODBC\110\Tools\Binn\;C:\Program Files (x86)\Microsoft SQL Server\120\Tools\Binn\;C:\Program Files (x86)\Microsoft SQL Server\120\DTS\Binn\;C:\Program Files\Microsoft SQL Server\Client SDK\ODBC\110\Tools\Binn\;C:\Program Files (x86)\Microsoft SQL Server\120\Tools\Binn\ManagementStudio\;C:\Program Files\Microsoft SQL Server\120\Tools\Binn\;C:\Program Files\Microsoft SQL Server\120\DTS\Binn\;C:\grails\bin
USERNAME=Argonauta
OS=Windows_NT
PROCESSOR_IDENTIFIER=Intel64 Family 6 Model 58 Stepping 9, GenuineIntel



---------------  S Y S T E M  ---------------

OS: Windows 8.1 , 64 bit Build 9600 

CPU:total 4 (2 cores per cpu, 2 threads per core) family 6 model 58 stepping 9, cmov, cx8, fxsr, mmx, sse, sse2, sse3, ssse3, sse4.1, sse4.2, popcnt, avx, aes, erms, ht, tsc, tscinvbit, tscinv

Memory: 4k page, physical 4070680k(145928k free), swap 7990156k(5212k free)

vm_info: Java HotSpot(TM) 64-Bit Server VM (24.71-b01) for windows-amd64 JRE (1.7.0_71-b14), built on Sep 26 2014 16:16:12 by "java_re" with unknown MS VC++:1600

time: Thu Oct 23 22:20:55 2014
elapsed time: 0 seconds

